4/6/2015 10:08:39 AM	This log contains information about the import schema operation into project 'Roz.Database' on computer 'NOSTROMO' by user 'Neb'.
4/6/2015 10:08:39 AM	Import of database schema has started.
4/6/2015 10:08:47 AM	Gathering database options
4/6/2015 10:08:47 AM	Gathering users
4/6/2015 10:08:47 AM	Gathering roles
4/6/2015 10:08:47 AM	Gathering application roles
4/6/2015 10:08:47 AM	Gathering role memberships
4/6/2015 10:08:47 AM	Gathering filegroups
4/6/2015 10:08:47 AM	Gathering full-text catalogs
4/6/2015 10:08:47 AM	Gathering assemblies
4/6/2015 10:08:47 AM	Gathering certificates
4/6/2015 10:08:47 AM	Gathering asymmetric keys
4/6/2015 10:08:47 AM	Gathering symmetric keys
4/6/2015 10:08:47 AM	Gathering encrypted symmetric keys
4/6/2015 10:08:47 AM	Gathering schemas
4/6/2015 10:08:47 AM	Gathering XML schema collections
4/6/2015 10:08:47 AM	Gathering user-defined data types
4/6/2015 10:08:47 AM	Gathering user-defined types
4/6/2015 10:08:47 AM	Gathering table types
4/6/2015 10:08:47 AM	Gathering unique keys for table types
4/6/2015 10:08:47 AM	Gathering primary keys for table types
4/6/2015 10:08:47 AM	Gathering check constraints for table types
4/6/2015 10:08:47 AM	Gathering default constraints for table types
4/6/2015 10:08:47 AM	Gathering partition functions
4/6/2015 10:08:47 AM	Gathering partition schemes
4/6/2015 10:08:47 AM	Gathering functions
4/6/2015 10:08:47 AM	Gathering encrypted functions
4/6/2015 10:08:47 AM	Gathering aggregates
4/6/2015 10:08:47 AM	Gathering procedures
4/6/2015 10:08:47 AM	Gathering encrypted procedures
4/6/2015 10:08:47 AM	Gathering tables
4/6/2015 10:08:47 AM	Gathering primary keys
4/6/2015 10:08:47 AM	Gathering unique constraints
4/6/2015 10:08:47 AM	Gathering foreign keys
4/6/2015 10:08:47 AM	Gathering default constraints
4/6/2015 10:08:47 AM	Gathering check constraints
4/6/2015 10:08:47 AM	Gathering views
4/6/2015 10:08:47 AM	Gathering encrypted views
4/6/2015 10:08:47 AM	Gathering indexes
4/6/2015 10:08:47 AM	Gathering statistics
4/6/2015 10:08:47 AM	Gathering full-text index stoplists
4/6/2015 10:08:47 AM	Gathering search property lists
4/6/2015 10:08:47 AM	Gathering search properties
4/6/2015 10:08:47 AM	Gathering full-text indexes
4/6/2015 10:08:47 AM	Gathering column store indexes
4/6/2015 10:08:47 AM	Gathering spatial indexes
4/6/2015 10:08:47 AM	Gathering XML indexes
4/6/2015 10:08:47 AM	Gathering Selective XML indexes
4/6/2015 10:08:47 AM	Gathering encrypted triggers
4/6/2015 10:08:47 AM	Gathering triggers
4/6/2015 10:08:47 AM	Gathering encrypted and clr ddl triggers
4/6/2015 10:08:47 AM	Gathering ddl triggers
4/6/2015 10:08:47 AM	Gathering synonyms
4/6/2015 10:08:47 AM	Gathering defaults
4/6/2015 10:08:47 AM	Gathering data constraint uddt bindings
4/6/2015 10:08:47 AM	Gathering rules
4/6/2015 10:08:47 AM	Gathering data constraint uddt bindings
4/6/2015 10:08:47 AM	Gathering message types
4/6/2015 10:08:47 AM	Gathering queues
4/6/2015 10:08:47 AM	Gathering contracts
4/6/2015 10:08:47 AM	Gathering services
4/6/2015 10:08:47 AM	Gathering event notifications
4/6/2015 10:08:47 AM	Gathering remote service bindings
4/6/2015 10:08:47 AM	Gathering broker priorities
4/6/2015 10:08:47 AM	Gathering signatures
4/6/2015 10:08:47 AM	Gathering data compression options
4/6/2015 10:08:47 AM	Gathering sequence types
4/6/2015 10:08:47 AM	Gathering extended properties
4/6/2015 10:08:47 AM	Gathering credentials
4/6/2015 10:08:47 AM	Gathering logins
4/6/2015 10:08:47 AM	Gathering server audits
4/6/2015 10:08:47 AM	Scanning project for duplicate elements
4/6/2015 10:08:47 AM	Finished duplicate element processing
4/6/2015 10:08:48 AM	Finished importing database.
4/6/2015 10:08:48 AM	A summary of the import was saved to the following location: D:\WORK\Roz\Roz.Database\Import Schema Logs\Roz.Database_20150406030839.log
4/6/2015 10:08:48 AM	Click Finish to continue...
